
================================================================
======== Log Rotated - 6/4/2023, 12:00:00 AM                    
================================================================
[ citizen-server-impl] sync thread hitch warning: timer interval of 226 milliseconds
[ citizen-server-impl] network thread hitch warning: timer interval of 246 milliseconds
[ citizen-server-impl] server thread hitch warning: timer interval of 337 milliseconds
[ citizen-server-impl] sync thread hitch warning: timer interval of 127 milliseconds
[ citizen-server-impl] sync thread hitch warning: timer interval of 321 milliseconds
[ citizen-server-impl] network thread hitch warning: timer interval of 261 milliseconds
[ citizen-server-impl] server thread hitch warning: timer interval of 351 milliseconds
[ citizen-server-impl] sync thread hitch warning: timer interval of 197 milliseconds
[ citizen-server-impl] network thread hitch warning: timer interval of 197 milliseconds
[ citizen-server-impl] server thread hitch warning: timer interval of 174 milliseconds
[ citizen-server-impl] sync thread hitch warning: timer interval of 148 milliseconds
[ citizen-server-impl] sync thread hitch warning: timer interval of 354 milliseconds
[ citizen-server-impl] server thread hitch warning: timer interval of 390 milliseconds
[ citizen-server-impl] network thread hitch warning: timer interval of 362 milliseconds
[ citizen-server-impl] server thread hitch warning: timer interval of 158 milliseconds
[ citizen-server-impl] sync thread hitch warning: timer interval of 116 milliseconds
[ citizen-server-impl] sync thread hitch warning: timer interval of 104 milliseconds
[ citizen-server-impl] sync thread hitch warning: timer interval of 180 milliseconds
[ citizen-server-impl] network thread hitch warning: timer interval of 181 milliseconds
[ citizen-server-impl] server thread hitch warning: timer interval of 206 milliseconds
[ citizen-server-impl] network thread hitch warning: timer interval of 262 milliseconds
[ citizen-server-impl] sync thread hitch warning: timer interval of 257 milliseconds
[ citizen-server-impl] server thread hitch warning: timer interval of 297 milliseconds
[ citizen-server-impl] sync thread hitch warning: timer interval of 109 milliseconds
[ citizen-server-impl] server thread hitch warning: timer interval of 160 milliseconds
[ citizen-server-impl] server thread hitch warning: timer interval of 179 milliseconds
[ citizen-server-impl] sync thread hitch warning: timer interval of 109 milliseconds
[ citizen-server-impl] sync thread hitch warning: timer interval of 154 milliseconds
[ citizen-server-impl] server thread hitch warning: timer interval of 182 milliseconds
[ citizen-server-impl] server thread hitch warning: timer interval of 179 milliseconds
[ citizen-server-impl] sync thread hitch warning: timer interval of 105 milliseconds
[ citizen-server-impl] sync thread hitch warning: timer interval of 355 milliseconds
[ citizen-server-impl] network thread hitch warning: timer interval of 350 milliseconds
[ citizen-server-impl] server thread hitch warning: timer interval of 357 milliseconds
[38;5;73m[ citizen-server-impl] sync thread hitch warning: timer interval of 102 milliseconds
[ citizen-server-impl] sync thread hitch warning: timer interval of 136 milliseconds
[ citizen-server-impl] sync thread hitch warning: timer interval of 121 milliseconds
[ citizen-server-impl] server thread hitch warning: timer interval of 167 milliseconds
[ citizen-server-impl] sync thread hitch warning: timer interval of 104 milliseconds
[ citizen-server-impl] sync thread hitch warning: timer interval of 116 milliseconds
[ citizen-server-impl] server thread hitch warning: timer interval of 221 milliseconds
[ citizen-server-impl] sync thread hitch warning: timer interval of 180 milliseconds
[ citizen-server-impl] network thread hitch warning: timer interval of 194 milliseconds
[ citizen-server-impl] server thread hitch warning: timer interval of 158 milliseconds
[ citizen-server-impl] network thread hitch warning: timer interval of 161 milliseconds
[ citizen-server-impl] sync thread hitch warning: timer interval of 159 milliseconds
[ citizen-server-impl] sync thread hitch warning: timer interval of 240 milliseconds
[ citizen-server-impl] server thread hitch warning: timer interval of 271 milliseconds
[ citizen-server-impl] network thread hitch warning: timer interval of 182 milliseconds
[ citizen-server-impl] sync thread hitch warning: timer interval of 120 milliseconds
[ citizen-server-impl] server thread hitch warning: timer interval of 157 milliseconds
[ citizen-server-impl] sync thread hitch warning: timer interval of 108 milliseconds
[ citizen-server-impl] [0msync thread hitch warning: timer interval of 230 milliseconds
[ citizen-server-impl] network thread hitch warning: timer interval of 230 milliseconds
[ citizen-server-impl] server thread hitch warning: timer interval of 260 milliseconds
[ citizen-server-impl] sync thread hitch warning: timer interval of 134 milliseconds
[ citizen-server-impl] sync thread hitch warning: timer interval of 134 milliseconds
[ citizen-server-impl] network thread hitch warning: timer interval of 187 milliseconds
[ citizen-server-impl] sync thread hitch warning: timer interval of 202 milliseconds
[ citizen-server-impl] server thread hitch warning: timer interval of 215 milliseconds
[ citizen-server-impl] server thread hitch warning: timer interval of 165 milliseconds
[ citizen-server-impl] server thread hitch warning: timer interval of 166 milliseconds
[ citizen-server-impl] sync thread hitch warning: timer interval of 121 milliseconds
[38;5;73m[ citizen-server-impl] network thread hitch warning: timer interval of 163 milliseconds
[ citizen-server-impl] server thread hitch warning: timer interval of 204 milliseconds
[ citizen-server-impl] sync thread hitch warning: timer interval of 144 milliseconds
[ citizen-server-impl] server thread hitch warning: timer interval of 160 milliseconds
[ citizen-server-impl] server thread hitch warning: timer interval of 157 milliseconds
[ citizen-server-impl] sync thread hitch warning: timer interval of 101 milliseconds
[ citizen-server-impl] sync thread hitch warning: timer interval of 282 milliseconds
[ citizen-server-impl] network thread hitch warning: timer interval of 286 milliseconds
[ citizen-server-impl] server thread hitch warning: timer interval of 304 milliseconds
[ citizen-server-impl] sync thread hitch warning: timer interval of 133 milliseconds
[ citizen-server-impl] server thread hitch warning: timer interval of 211 milliseconds
[ citizen-server-impl] server thread hitch warning: timer interval of 292 milliseconds
[ citizen-server-impl] network thread hitch warning: timer interval of 492 milliseconds
[ citizen-server-impl] sync thread hitch warning: timer interval of 601 milliseconds
[ citizen-server-impl] network thread hitch warning: timer interval of 502 milliseconds
[ citizen-server-impl] server thread hitch warning: timer interval of 538 milliseconds
[ citizen-server-impl] sync thread hitch warning: timer interval of 278 milliseconds
[ citizen-server-impl] sync thread hitch warning: timer interval of 212 milliseconds
[ citizen-server-impl] server thread hitch warning: timer interval of 238 milliseconds
[ citizen-server-impl] sync thread hitch warning: timer interval of 147 milliseconds
[ citizen-server-impl] server thread hitch warning: timer interval of 176 milliseconds
[ citizen-server-impl] sync thread hitch warning: timer interval of 108 milliseconds
[ citizen-server-main] [0m-> Quitting: SIGHUP received
