
================================================================
======== Log Rotated - 6/3/2023, 12:00:00 AM                    
================================================================
[2:16:05 PM] txAdmin: Logger started
[2:21:10 PM] txAdmin: ((Broadcast) gilf911): said "test test"
[2:21:46 PM] txAdmin: Logger started
[2:23:33 PM] [3aHci#1] emilf: joined with identifiers [license:0d8a1f40184232325e1a92c7e76a7a6ccf86cd8a; xbl:2535430986537245; live:844425077305307; discord:814032394935992350; fivem:107897; license2:0d8a1f40184232325e1a92c7e76a7a6ccf86cd8a]
[2:46:27 PM] [3aHci#1] emilf: said "/-engine"
[2:47:01 PM] [3aHci#1] emilf: said "/-engine"
[2:50:56 PM] [3aHci#1] emilf: said "/-engine"
[2:55:48 PM] [3aHci#1] emilf: said "/resfresh"
[2:55:51 PM] [3aHci#1] emilf: said "/refreh"
[3:05:28 PM] [3aHci#1] emilf: disconnected ([txAdmin] Server genstarter: (requested by gilf911).)
[3:06:08 PM] txAdmin: Logger started
[3:14:40 PM] [8bJUz#1] emilf: joined with identifiers [license:0d8a1f40184232325e1a92c7e76a7a6ccf86cd8a; xbl:2535430986537245; live:844425077305307; discord:814032394935992350; fivem:107897; license2:0d8a1f40184232325e1a92c7e76a7a6ccf86cd8a]
[3:20:20 PM] [8bJUz#1] emilf: disconnected (Exiting)
[5:10:18 PM] [8bJUz#2] POPS: joined with identifiers [license:59e903c34f8312f5cb0b8c2442f1e6f5cb6c74f4; xbl:2535427969856640; live:985154012919534; discord:120202557879615488; fivem:2545689; license2:59e903c34f8312f5cb0b8c2442f1e6f5cb6c74f4]
[5:24:43 PM] [8bJUz#2] POPS: disconnected (Exiting)
[7:17:49 PM] [8bJUz#3] POPS: joined with identifiers [license:59e903c34f8312f5cb0b8c2442f1e6f5cb6c74f4; xbl:2535427969856640; live:985154012919534; discord:120202557879615488; fivem:2545689; license2:59e903c34f8312f5cb0b8c2442f1e6f5cb6c74f4]
[7:30:56 PM] [8bJUz#3] POPS: died from suicide (Falling)
[7:31:05 PM] [8bJUz#3] POPS: disconnected (Exiting)
