
================================================================
======== txAdmin Starting - 6/1/2023, 12:10:08 AM               
================================================================
[12:19:48 AM] txAdmin: Logger started
[12:20:09 AM] txAdmin: Logger started
[12:23:08 AM] [H4Dqh#1] Morfar: joined with identifiers [license:0d8a1f40184232325e1a92c7e76a7a6ccf86cd8a; xbl:2535430986537245; live:844425077305307; fivem:107897; license2:0d8a1f40184232325e1a92c7e76a7a6ccf86cd8a]
[12:31:34 AM] [H4Dqh#1] Morfar: disconnected ([txAdmin] Server restarting (requested by gilf911).)
[12:32:09 AM] txAdmin: Logger started
[12:32:31 AM] [JLT9e#1] Morfar: joined with identifiers [license:0d8a1f40184232325e1a92c7e76a7a6ccf86cd8a; xbl:2535430986537245; live:844425077305307; fivem:107897; license2:0d8a1f40184232325e1a92c7e76a7a6ccf86cd8a]
[12:33:35 AM] [JLT9e#1] Morfar: said "/noclipåå"
[12:41:35 AM] [JLT9e#1] Morfar: disconnected ([txAdmin] Server restarting (requested by gilf911).)
[12:41:53 AM] txAdmin: Logger started
[12:42:34 AM] [NjCF6#1] Morfar: joined with identifiers [license:0d8a1f40184232325e1a92c7e76a7a6ccf86cd8a; xbl:2535430986537245; live:844425077305307; fivem:107897; license2:0d8a1f40184232325e1a92c7e76a7a6ccf86cd8a]
[12:43:31 AM] [NjCF6#2] POPS: joined with identifiers [license:59e903c34f8312f5cb0b8c2442f1e6f5cb6c74f4; xbl:2535427969856640; live:985154012919534; discord:120202557879615488; fivem:2545689; license2:59e903c34f8312f5cb0b8c2442f1e6f5cb6c74f4]
[12:43:57 AM] [NjCF6#3] Snipzi: joined with identifiers [license:c3f44baebf56f15995e2c0a54519e39b1b04ad1e; xbl:2535419992088024; live:985153862316114; discord:157149156954210304; fivem:106847; license2:c3f44baebf56f15995e2c0a54519e39b1b04ad1e]
[12:47:07 AM] [NjCF6#3] Snipzi: said "/clear"
[12:48:28 AM] [NjCF6#1] Morfar: said "/saetammo 1000"
[12:48:35 AM] [NjCF6#1] Morfar: said "/saetammo 1000"
[12:51:35 AM] [NjCF6#1] Morfar: said "/ar f450ambo"
[12:51:55 AM] [NjCF6#2] POPS: said "/t20"
[12:57:35 AM] [NjCF6#1] Morfar: disconnected (Server->client connection timed out. Last seen 30745 msec ago.)
[12:58:07 AM] [NjCF6#4] Morfar: joined with identifiers [license:0d8a1f40184232325e1a92c7e76a7a6ccf86cd8a; xbl:2535430986537245; live:844425077305307; fivem:107897; license2:0d8a1f40184232325e1a92c7e76a7a6ccf86cd8a]
[1:00:52 AM] [NjCF6#5] Velo[DK]: joined with identifiers [license:ef08e5a279abe5b5d7d0197028bae78e5de720ee; xbl:2535432491354889; live:985157431551412; discord:190161719618699265; license2:ab4f05fd3ee8b8d09d5243ae388f3725ff1c754f]
[1:02:25 AM] [NjCF6#2] POPS: disconnected (Exiting)
[1:03:36 AM] [NjCF6#5] Velo[DK]: disconnected (Server->client connection timed out. Last seen 43714 msec ago.)
[1:06:49 AM] [NjCF6#4] Morfar: disconnected (Exiting)
[1:13:55 AM] [NjCF6#3] Snipzi: said "/dv'"
[1:28:18 AM] [NjCF6#3] Snipzi: disconnected (Exiting)
[11:15:19 AM] [NjCF6#6] Snipzi: joined with identifiers [license:c3f44baebf56f15995e2c0a54519e39b1b04ad1e; xbl:2535419992088024; live:985153862316114; discord:157149156954210304; fivem:106847; license2:c3f44baebf56f15995e2c0a54519e39b1b04ad1e]
[11:19:06 AM] [NjCF6#6] Snipzi: disconnected (Exiting)
[5:04:18 PM] txAdmin: Logger started
[5:07:15 PM] txAdmin: Logger started
[5:08:55 PM] txAdmin: Logger started
[5:48:23 PM] txAdmin: Logger started
[5:49:14 PM] txAdmin: Logger started
[5:50:09 PM] [PWywC#1] emilf: joined with identifiers [license:0d8a1f40184232325e1a92c7e76a7a6ccf86cd8a; xbl:2535430986537245; live:844425077305307; discord:814032394935992350; fivem:107897; license2:0d8a1f40184232325e1a92c7e76a7a6ccf86cd8a]
[5:52:26 PM] [PWywC#1] emilf: said "/refreesh"
[5:53:28 PM] [PWywC#1] emilf: disconnected ([txAdmin] Server genstarter: (requested by gilf911).)
[5:53:52 PM] txAdmin: Logger started
[5:54:22 PM] [hrNyh#1] emilf: joined with identifiers [license:0d8a1f40184232325e1a92c7e76a7a6ccf86cd8a; xbl:2535430986537245; live:844425077305307; discord:814032394935992350; fivem:107897; license2:0d8a1f40184232325e1a92c7e76a7a6ccf86cd8a]
[5:54:40 PM] [hrNyh#1] emilf: disconnected (Game crashed: GTA5_b2802.exe!sub_14160C194 (0x132))
[5:55:51 PM] [hrNyh#2] emilf: joined with identifiers [license:0d8a1f40184232325e1a92c7e76a7a6ccf86cd8a; xbl:2535430986537245; live:844425077305307; discord:814032394935992350; fivem:107897; license2:0d8a1f40184232325e1a92c7e76a7a6ccf86cd8a]
[6:07:30 PM] [hrNyh#2] emilf: disconnected (Exiting)
[6:08:18 PM] txAdmin: Logger started
[6:08:43 PM] [jHTrd#1] emilf: joined with identifiers [license:0d8a1f40184232325e1a92c7e76a7a6ccf86cd8a; xbl:2535430986537245; live:844425077305307; discord:814032394935992350; fivem:107897; license2:0d8a1f40184232325e1a92c7e76a7a6ccf86cd8a]
[6:09:03 PM] [jHTrd#1] emilf: disconnected (Exiting)
[6:10:29 PM] txAdmin: Logger started
[6:11:48 PM] [gEtXB#1] emilf: joined with identifiers [license:0d8a1f40184232325e1a92c7e76a7a6ccf86cd8a; xbl:2535430986537245; live:844425077305307; discord:814032394935992350; fivem:107897; license2:0d8a1f40184232325e1a92c7e76a7a6ccf86cd8a]
[6:12:17 PM] [gEtXB#1] emilf: disconnected (Exiting)
[6:51:42 PM] txAdmin: Logger started
[7:07:56 PM] txAdmin: Logger started
[7:10:54 PM] [YeJV6#1] POPS: joined with identifiers [license:59e903c34f8312f5cb0b8c2442f1e6f5cb6c74f4; xbl:2535427969856640; live:985154012919534; discord:120202557879615488; fivem:2545689; license2:59e903c34f8312f5cb0b8c2442f1e6f5cb6c74f4]
[7:13:54 PM] [YeJV6#1] POPS: disconnected (Exiting)
[9:24:48 PM] [YeJV6#2] emilf: joined with identifiers [license:0d8a1f40184232325e1a92c7e76a7a6ccf86cd8a; xbl:2535430986537245; live:844425077305307; discord:814032394935992350; fivem:107897; license2:0d8a1f40184232325e1a92c7e76a7a6ccf86cd8a]
[9:25:39 PM] [YeJV6#2] emilf: said "/-engine"
[9:25:51 PM] [YeJV6#2] emilf: said "/migrateskin qb-clothing"
[9:26:59 PM] [YeJV6#2] emilf: said "/migrateskins qb-clothing"
[9:27:01 PM] [YeJV6#2] emilf: said "//migrateskins qb-clothing"
[9:27:17 PM] [YeJV6#2] emilf: said "/migrateskins qb-clothing"
[9:27:22 PM] [YeJV6#3] POPS: joined with identifiers [license:59e903c34f8312f5cb0b8c2442f1e6f5cb6c74f4; xbl:2535427969856640; live:985154012919534; discord:120202557879615488; fivem:2545689; license2:59e903c34f8312f5cb0b8c2442f1e6f5cb6c74f4]
[9:30:20 PM] [YeJV6#2] emilf: disconnected ([txAdmin] Server genstarter: (requested by gilf911).)
[9:30:20 PM] [YeJV6#3] POPS: disconnected ([txAdmin] Server genstarter: (requested by gilf911).)
[9:30:51 PM] txAdmin: Logger started
[9:31:29 PM] [krMrP#1] emilf: joined with identifiers [license:0d8a1f40184232325e1a92c7e76a7a6ccf86cd8a; xbl:2535430986537245; live:844425077305307; discord:814032394935992350; fivem:107897; license2:0d8a1f40184232325e1a92c7e76a7a6ccf86cd8a]
[9:31:49 PM] [krMrP#2] POPS: joined with identifiers [license:59e903c34f8312f5cb0b8c2442f1e6f5cb6c74f4; xbl:2535427969856640; live:985154012919534; discord:120202557879615488; fivem:2545689; license2:59e903c34f8312f5cb0b8c2442f1e6f5cb6c74f4]
[9:31:49 PM] [krMrP#1] emilf: disconnected (Game crashed: GTA5_b2802.exe!sub_14160C194 (0x132))
[9:32:13 PM] [krMrP#3] emilf: joined with identifiers [license:0d8a1f40184232325e1a92c7e76a7a6ccf86cd8a; xbl:2535430986537245; live:844425077305307; discord:814032394935992350; fivem:107897; license2:0d8a1f40184232325e1a92c7e76a7a6ccf86cd8a]
[9:33:10 PM] [krMrP#3] emilf: said "/logout"
[9:33:13 PM] [krMrP#3] emilf: disconnected (Exiting)
[9:33:32 PM] [krMrP#2] POPS: disconnected (Exiting)
[9:33:42 PM] [krMrP#4] emilf: joined with identifiers [license:0d8a1f40184232325e1a92c7e76a7a6ccf86cd8a; xbl:2535430986537245; live:844425077305307; discord:814032394935992350; fivem:107897; license2:0d8a1f40184232325e1a92c7e76a7a6ccf86cd8a]
[9:33:58 PM] [krMrP#5] POPS: joined with identifiers [license:59e903c34f8312f5cb0b8c2442f1e6f5cb6c74f4; xbl:2535427969856640; live:985154012919534; discord:120202557879615488; fivem:2545689; license2:59e903c34f8312f5cb0b8c2442f1e6f5cb6c74f4]
[9:35:08 PM] [krMrP#4] emilf: disconnected (Exiting)
[9:37:21 PM] [krMrP#5] POPS: disconnected (Exiting)
[9:39:05 PM] txAdmin: Logger started
[9:40:17 PM] txAdmin: Logger started
[9:41:01 PM] txAdmin: Logger started
[9:42:14 PM] [76wVY#1] emilf: joined with identifiers [license:0d8a1f40184232325e1a92c7e76a7a6ccf86cd8a; xbl:2535430986537245; live:844425077305307; discord:814032394935992350; fivem:107897; license2:0d8a1f40184232325e1a92c7e76a7a6ccf86cd8a]
[9:42:58 PM] [76wVY#1] emilf: said "/logout"
[9:44:03 PM] [76wVY#2] POPS: joined with identifiers [license:59e903c34f8312f5cb0b8c2442f1e6f5cb6c74f4; xbl:2535427969856640; live:985154012919534; discord:120202557879615488; fivem:2545689; license2:59e903c34f8312f5cb0b8c2442f1e6f5cb6c74f4]
[9:44:23 PM] [76wVY#1] emilf: disconnected ([txAdmin] Server genstarter: (requested by gilf911).)
[9:44:23 PM] [76wVY#2] POPS: disconnected ([txAdmin] Server genstarter: (requested by gilf911).)
[9:44:46 PM] txAdmin: Logger started
[9:52:47 PM] [FAirW#1] emilf: joined with identifiers [license:0d8a1f40184232325e1a92c7e76a7a6ccf86cd8a; xbl:2535430986537245; live:844425077305307; discord:814032394935992350; fivem:107897; license2:0d8a1f40184232325e1a92c7e76a7a6ccf86cd8a]
[9:55:59 PM] [FAirW#1] emilf: disconnected (Server shutting down: SIGHUP received)

================================================================
======== txAdmin Starting - 6/1/2023, 9:56:14 PM                
================================================================
[9:57:21 PM] txAdmin: Logger started
[9:58:25 PM] [ayP7L#1] emilf: joined with identifiers [license:0d8a1f40184232325e1a92c7e76a7a6ccf86cd8a; xbl:2535430986537245; live:844425077305307; discord:814032394935992350; fivem:107897; license2:0d8a1f40184232325e1a92c7e76a7a6ccf86cd8a]
[10:04:19 PM] [ayP7L#1] emilf: disconnected (Exiting)
[10:05:14 PM] txAdmin: Logger started
[10:06:10 PM] [BaxRz#1] emilf: joined with identifiers [license:0d8a1f40184232325e1a92c7e76a7a6ccf86cd8a; xbl:2535430986537245; live:844425077305307; discord:814032394935992350; fivem:107897; license2:0d8a1f40184232325e1a92c7e76a7a6ccf86cd8a]
[10:19:33 PM] [BaxRz#1] emilf: said "/true"
[10:38:45 PM] [BaxRz#1] emilf: disconnected (Exiting)
[10:39:12 PM] txAdmin: Logger started
[10:40:12 PM] [trbxr#1] emilf: joined with identifiers [license:0d8a1f40184232325e1a92c7e76a7a6ccf86cd8a; xbl:2535430986537245; live:844425077305307; discord:814032394935992350; fivem:107897; license2:0d8a1f40184232325e1a92c7e76a7a6ccf86cd8a]
[10:52:25 PM] [trbxr#1] emilf: said "/uit"
[10:52:26 PM] [trbxr#1] emilf: disconnected (Exiting)
